date: '2016-12-07 23:11:02.758'
argv: /usr/bin/node /usr/bin/hexo g
os: Linux 4.0.7-2-ARCH linux x64
versions:
  http_parser: 2.7.1
  node: 6.6.0
  v8: 5.1.281.83
  uv: 1.9.1
  zlib: 1.2.8
  ares: 1.10.1-DEV
  icu: '57.1'
  modules: '48'
  openssl: 1.0.2h
  hexo: 2.8.3
---
[debug] 23:11:02.572 Config file loaded from /storage/Build/cosumu.github.io/_config.yml[debug] 23:11:02.573 Version info checked successfully[debug] 23:11:02.623 Processed: draft.md (2ms)[debug] 23:11:02.623 Processed: page.md (1ms)[debug] 23:11:02.624 Processed: photo.md (2ms)[debug] 23:11:02.624 Processed: post.md (2ms)[debug] 23:11:02.628 Plugin loaded successfully: hexo-renderer-ejs[debug] 23:11:02.706 Plugin loaded successfully: hexo-renderer-marked[debug] 23:11:02.706 Plugin loaded successfully: hexo-renderer-stylus[debug] 23:11:02.706 Plugin loaded successfully: hexo-util[debug] 23:11:02.708 Script load successfully: fancybox.js[debug] 23:11:02.727 Processed: source/js/script.js (0ms)[debug] 23:11:02.727 Processed: source/css/_extend.styl (0ms)[debug] 23:11:02.727 Processed: source/css/_variables.styl (0ms)[debug] 23:11:02.728 Processed: source/css/style.styl (1ms)[debug] 23:11:02.728 Processed: source/css/_partial/archive.styl (0ms)[debug] 23:11:02.728 Processed: source/css/_partial/article.styl (0ms)[debug] 23:11:02.728 Processed: source/css/_partial/comment.styl (0ms)[debug] 23:11:02.728 Processed: source/css/_partial/footer.styl (0ms)[debug] 23:11:02.728 Processed: source/css/_partial/header.styl (0ms)[debug] 23:11:02.728 Processed: source/css/_partial/highlight.styl (0ms)[debug] 23:11:02.728 Processed: source/css/_partial/mobile.styl (0ms)[debug] 23:11:02.728 Processed: source/css/_partial/sidebar-aside.styl (0ms)[debug] 23:11:02.728 Processed: source/css/_partial/sidebar-bottom.styl (0ms)[debug] 23:11:02.728 Processed: source/css/_partial/sidebar.styl (0ms)[debug] 23:11:02.728 Processed: source/css/_util/grid.styl (0ms)[debug] 23:11:02.728 Processed: source/css/_util/mixin.styl (0ms)[debug] 23:11:02.728 Processed: source/css/fonts/FontAwesome.otf (0ms)[debug] 23:11:02.728 Processed: source/css/fonts/fontawesome-webfont.eot (0ms)[debug] 23:11:02.729 Processed: source/css/fonts/fontawesome-webfont.svg (1ms)[debug] 23:11:02.729 Processed: source/css/fonts/fontawesome-webfont.ttf (0ms)[debug] 23:11:02.729 Processed: source/css/fonts/fontawesome-webfont.woff (0ms)[debug] 23:11:02.729 Processed: source/css/images/banner.jpg (0ms)[debug] 23:11:02.729 Processed: source/fancybox/blank.gif (0ms)[debug] 23:11:02.729 Processed: source/fancybox/fancybox_loading.gif (0ms)[debug] 23:11:02.729 Processed: source/fancybox/fancybox_loading@2x.gif (0ms)[debug] 23:11:02.729 Processed: source/fancybox/fancybox_overlay.png (0ms)[debug] 23:11:02.729 Processed: source/fancybox/fancybox_sprite.png (0ms)[debug] 23:11:02.730 Processed: source/fancybox/fancybox_sprite@2x.png (1ms)[debug] 23:11:02.730 Processed: source/fancybox/jquery.fancybox.css (0ms)[debug] 23:11:02.730 Processed: source/fancybox/jquery.fancybox.js (0ms)[debug] 23:11:02.730 Processed: source/fancybox/jquery.fancybox.pack.js (0ms)[debug] 23:11:02.730 Processed: source/fancybox/helpers/fancybox_buttons.png (0ms)[debug] 23:11:02.730 Processed: source/fancybox/helpers/jquery.fancybox-buttons.css (0ms)[debug] 23:11:02.730 Processed: source/fancybox/helpers/jquery.fancybox-buttons.js (0ms)[debug] 23:11:02.730 Processed: source/fancybox/helpers/jquery.fancybox-media.js (0ms)[debug] 23:11:02.731 Processed: source/fancybox/helpers/jquery.fancybox-thumbs.css (0ms)[debug] 23:11:02.731 Processed: source/fancybox/helpers/jquery.fancybox-thumbs.js (0ms)[error] 23:11:02.746 HexoError: Process failed: _posts/hello-world.md
TypeError: Cannot read property 'config' of null
    at module.exports (/storage/Build/cosumu.github.io/node_modules/hexo-renderer-marked/lib/renderer.js:53:10)
    at Domain.<anonymous> (/usr/lib/node_modules/hexo/lib/extend/renderer.js:78:38)
    at Domain.run (domain.js:221:14)
    at store.(anonymous function) (/usr/lib/node_modules/hexo/lib/extend/renderer.js:77:9)
    at /usr/lib/node_modules/hexo/lib/core/render.js:96:9
    at fn (/usr/lib/node_modules/hexo/node_modules/async/lib/async.js:638:34)
    at Immediate.<anonymous> (/usr/lib/node_modules/hexo/node_modules/async/lib/async.js:554:34)
    at runCallback (timers.js:574:20)
    at tryOnImmediate (timers.js:554:5)
    at processImmediate [as _immediateCallback] (timers.js:533:5)
[debug] 23:11:02.754 Processed: layout/archive.ejs (30ms)[debug] 23:11:02.754 Processed: layout/index.ejs (30ms)[debug] 23:11:02.754 Processed: layout/category.ejs (30ms)[debug] 23:11:02.754 Processed: layout/layout.ejs (30ms)[debug] 23:11:02.754 Processed: layout/page.ejs (30ms)[debug] 23:11:02.754 Processed: layout/tag.ejs (30ms)[debug] 23:11:02.754 Processed: layout/_widget/archive.ejs (29ms)[debug] 23:11:02.754 Processed: layout/_widget/category.ejs (29ms)[debug] 23:11:02.754 Processed: layout/post.ejs (29ms)[debug] 23:11:02.754 Processed: layout/_widget/recent_posts.ejs (29ms)[debug] 23:11:02.754 Processed: layout/_widget/tag.ejs (29ms)[debug] 23:11:02.754 Processed: layout/_widget/tagcloud.ejs (29ms)[debug] 23:11:02.754 Processed: layout/_partial/archive-post.ejs (29ms)[debug] 23:11:02.754 Processed: layout/_partial/after-footer.ejs (29ms)[debug] 23:11:02.754 Processed: layout/_partial/archive.ejs (29ms)[debug] 23:11:02.754 Processed: layout/_partial/article.ejs (29ms)[debug] 23:11:02.755 Processed: layout/_partial/footer.ejs (29ms)[debug] 23:11:02.755 Processed: layout/_partial/header.ejs (30ms)[debug] 23:11:02.755 Processed: layout/_partial/google-analytics.ejs (30ms)[debug] 23:11:02.755 Processed: layout/_partial/head.ejs (30ms)[debug] 23:11:02.755 Processed: layout/_partial/post/category.ejs (29ms)[debug] 23:11:02.755 Processed: layout/_partial/mobile-nav.ejs (30ms)[debug] 23:11:02.755 Processed: layout/_partial/sidebar.ejs (29ms)[debug] 23:11:02.755 Processed: layout/_partial/post/date.ejs (29ms)[debug] 23:11:02.755 Processed: layout/_partial/post/gallery.ejs (29ms)[debug] 23:11:02.755 Processed: layout/_partial/post/nav.ejs (29ms)[debug] 23:11:02.755 Processed: layout/_partial/post/title.ejs (29ms)[debug] 23:11:02.755 Processed: layout/_partial/post/tag.ejs (28ms)[debug] 23:11:02.757 Theme config loaded[debug] 23:11:02.757 Processed: _config.yml (33ms)